<?xml version="1.0" encoding="UTF-8" ?>
<testsuite tests="5" failures="0" name="pt.amane.caroni_supermarket.dao.EstadoDAOTest" time="0.015" errors="0" skipped="4">
  <properties>
[...]
</properties>
  <testcase classname="pt.amane.caroni_supermarket.dao.EstadoDAOTest" name="listarEstado" time="0">
    <skipped/>
  </testcase>
  <testcase classname="pt.amane.caroni_supermarket.dao.EstadoDAOTest" name="updateEstado" time="0">
    <skipped/>
  </testcase>
  <testcase classname="pt.amane.caroni_supermarket.dao.EstadoDAOTest" name="delete" time="0.005"/>
  <testcase classname="pt.amane.caroni_supermarket.dao.EstadoDAOTest" name="findId" time="0.005">
    <skipped/>
  </testcase>
  <testcase classname="pt.amane.caroni_supermarket.dao.EstadoDAOTest" name="save" time="0.005">
    <skipped/>
  </testcase>
</testsuite>